# JRE version: OpenJDK Runtime Environment (11.0.15) (build 11.0.15+0-b2043.56-9505619)
# Java VM: OpenJDK 64-Bit Server VM (11.0.15+0-b2043.56-9505619, mixed mode, tiered, compressed oops, g1 gc, windows-amd64)
Heap:
 garbage-first heap   total 260096K, used 130133K [0x00000000a0000000, 0x0000000100000000)
  region size 1024K, 109 young (111616K), 17 survivors (17408K)
 Metaspace       used 52863K, capacity 54246K, committed 54480K, reserved 1097728K
  class space    used 6671K, capacity 7171K, committed 7244K, reserved 1048576K
GC Heap History (14 events):
Event: 0.906 GC heap before
{Heap before GC invocations=0 (full 0):
 garbage-first heap   total 260096K, used 29696K [0x00000000a0000000, 0x0000000100000000)
  region size 1024K, 24 young (24576K), 0 survivors (0K)
 Metaspace       used 10145K, capacity 10395K, committed 10624K, reserved 1058816K
  class space    used 1037K, capacity 1106K, committed 1152K, reserved 1048576K
}
Event: 0.910 GC heap after
{Heap after GC invocations=1 (full 0):
 garbage-first heap   total 260096K, used 9794K [0x00000000a0000000, 0x0000000100000000)
  region size 1024K, 3 young (3072K), 3 survivors (3072K)
 Metaspace       used 10145K, capacity 10395K, committed 10624K, reserved 1058816K
  class space    used 1037K, capacity 1106K, committed 1152K, reserved 1048576K
}
Event: 1.451 GC heap before
{Heap before GC invocations=1 (full 0):
 garbage-first heap   total 260096K, used 51778K [0x00000000a0000000, 0x0000000100000000)
  region size 1024K, 43 young (44032K), 3 survivors (3072K)
 Metaspace       used 11593K, capacity 11920K, committed 12160K, reserved 1060864K
  class space    used 1226K, capacity 1316K, committed 1408K, reserved 1048576K
}
Event: 1.455 GC heap after
{Heap after GC invocations=2 (full 0):
 garbage-first heap   total 260096K, used 14870K [0x00000000a0000000, 0x0000000100000000)
  region size 1024K, 6 young (6144K), 6 survivors (6144K)
 Metaspace       used 11593K, capacity 11920K, committed 12160K, reserved 1060864K
  class space    used 1226K, capacity 1316K, committed 1408K, reserved 1048576K
}
Event: 2.740 GC heap before
{Heap before GC invocations=2 (full 0):
 garbage-first heap   total 260096K, used 60950K [0x00000000a0000000, 0x0000000100000000)
  region size 1024K, 52 young (53248K), 6 survivors (6144K)
 Metaspace       used 19699K, capacity 20082K, committed 20224K, reserved 1067008K
  class space    used 2385K, capacity 2508K, committed 2560K, reserved 1048576K
}
Event: 2.744 GC heap after
{Heap after GC invocations=3 (full 0):
 garbage-first heap   total 260096K, used 17788K [0x00000000a0000000, 0x0000000100000000)
  region size 1024K, 3 young (3072K), 3 survivors (3072K)
 Metaspace       used 19699K, capacity 20082K, committed 20224K, reserved 1067008K
  class space    used 2385K, capacity 2508K, committed 2560K, reserved 1048576K
}
Event: 2.816 GC heap before
{Heap before GC invocations=3 (full 0):
 garbage-first heap   total 260096K, used 25980K [0x00000000a0000000, 0x0000000100000000)
  region size 1024K, 12 young (12288K), 3 survivors (3072K)
 Metaspace       used 20806K, capacity 21242K, committed 21296K, reserved 1069056K
  class space    used 2524K, capacity 2682K, committed 2688K, reserved 1048576K
}
Event: 2.818 GC heap after
{Heap after GC invocations=4 (full 0):
 garbage-first heap   total 260096K, used 18164K [0x00000000a0000000, 0x0000000100000000)
  region size 1024K, 4 young (4096K), 4 survivors (4096K)
 Metaspace       used 20806K, capacity 21242K, committed 21296K, reserved 1069056K
  class space    used 2524K, capacity 2682K, committed 2688K, reserved 1048576K
}
Event: 27.459 GC heap before
{Heap before GC invocations=5 (full 0):
 garbage-first heap   total 260096K, used 90868K [0x00000000a0000000, 0x0000000100000000)
  region size 1024K, 75 young (76800K), 4 survivors (4096K)
 Metaspace       used 27957K, capacity 28637K, committed 28924K, reserved 1075200K
  class space    used 3635K, capacity 3880K, committed 3916K, reserved 1048576K
}
Event: 27.462 GC heap after
{Heap after GC invocations=6 (full 0):
 garbage-first heap   total 260096K, used 20579K [0x00000000a0000000, 0x0000000100000000)
  region size 1024K, 6 young (6144K), 6 survivors (6144K)
 Metaspace       used 27957K, capacity 28637K, committed 28924K, reserved 1075200K
  class space    used 3635K, capacity 3880K, committed 3916K, reserved 1048576K
}
Event: 27.914 GC heap before
{Heap before GC invocations=6 (full 0):
 garbage-first heap   total 260096K, used 68707K [0x00000000a0000000, 0x0000000100000000)
  region size 1024K, 54 young (55296K), 6 survivors (6144K)
 Metaspace       used 35157K, capacity 35925K, committed 36048K, reserved 1081344K
  class space    used 4512K, capacity 4842K, committed 4940K, reserved 1048576K
}
Event: 27.921 GC heap after
{Heap after GC invocations=7 (full 0):
 garbage-first heap   total 260096K, used 23428K [0x00000000a0000000, 0x0000000100000000)
  region size 1024K, 9 young (9216K), 9 survivors (9216K)
 Metaspace       used 35157K, capacity 35925K, committed 36048K, reserved 1081344K
  class space    used 4512K, capacity 4842K, committed 4940K, reserved 1048576K
}
Event: 29.171 GC heap before
{Heap before GC invocations=8 (full 0):
 garbage-first heap   total 260096K, used 172932K [0x00000000a0000000, 0x0000000100000000)
  region size 1024K, 152 young (155648K), 9 survivors (9216K)
 Metaspace       used 47913K, capacity 49057K, committed 49232K, reserved 1091584K
  class space    used 6068K, capacity 6502K, committed 6604K, reserved 1048576K
}
Event: 29.184 GC heap after
{Heap after GC invocations=9 (full 0):
 garbage-first heap   total 260096K, used 31829K [0x00000000a0000000, 0x0000000100000000)
  region size 1024K, 17 young (17408K), 17 survivors (17408K)
 Metaspace       used 47913K, capacity 49057K, committed 49232K, reserved 1091584K
  class space    used 6068K, capacity 6502K, committed 6604K, reserved 1048576K
}

