# JRE version: OpenJDK Runtime Environment (11.0.15) (build 11.0.15+0-b2043.56-9505619)
# Java VM: OpenJDK 64-Bit Server VM (11.0.15+0-b2043.56-9505619, mixed mode, tiered, compressed oops, g1 gc, windows-amd64)
Heap:
 garbage-first heap   total 260096K, used 61697K [0x00000000a0000000, 0x0000000100000000)
  region size 1024K, 19 young (19456K), 18 survivors (18432K)
 Metaspace       used 77574K, capacity 79479K, committed 79752K, reserved 1118208K
  class space    used 10084K, capacity 10789K, committed 10828K, reserved 1048576K
GC Heap History (15 events):
Event: 0.545 GC heap before
{Heap before GC invocations=0 (full 0):
 garbage-first heap   total 260096K, used 29696K [0x00000000a0000000, 0x0000000100000000)
  region size 1024K, 24 young (24576K), 0 survivors (0K)
 Metaspace       used 10131K, capacity 10395K, committed 10624K, reserved 1058816K
  class space    used 1035K, capacity 1106K, committed 1152K, reserved 1048576K
}
Event: 0.548 GC heap after
{Heap after GC invocations=1 (full 0):
 garbage-first heap   total 260096K, used 9667K [0x00000000a0000000, 0x0000000100000000)
  region size 1024K, 3 young (3072K), 3 survivors (3072K)
 Metaspace       used 10131K, capacity 10395K, committed 10624K, reserved 1058816K
  class space    used 1035K, capacity 1106K, committed 1152K, reserved 1048576K
}
Event: 2.324 GC heap before
{Heap before GC invocations=1 (full 0):
 garbage-first heap   total 260096K, used 105923K [0x00000000a0000000, 0x0000000100000000)
  region size 1024K, 98 young (100352K), 3 survivors (3072K)
 Metaspace       used 20810K, capacity 21242K, committed 21296K, reserved 1069056K
  class space    used 2522K, capacity 2682K, committed 2688K, reserved 1048576K
}
Event: 2.331 GC heap after
{Heap after GC invocations=2 (full 0):
 garbage-first heap   total 260096K, used 17259K [0x00000000a0000000, 0x0000000100000000)
  region size 1024K, 11 young (11264K), 11 survivors (11264K)
 Metaspace       used 20810K, capacity 21242K, committed 21296K, reserved 1069056K
  class space    used 2522K, capacity 2682K, committed 2688K, reserved 1048576K
}
Event: 2.536 GC heap before
{Heap before GC invocations=3 (full 0):
 garbage-first heap   total 260096K, used 44907K [0x00000000a0000000, 0x0000000100000000)
  region size 1024K, 39 young (39936K), 11 survivors (11264K)
 Metaspace       used 23742K, capacity 24268K, committed 24444K, reserved 1071104K
  class space    used 2991K, capacity 3184K, committed 3276K, reserved 1048576K
}
Event: 2.542 GC heap after
{Heap after GC invocations=4 (full 0):
 garbage-first heap   total 260096K, used 18867K [0x00000000a0000000, 0x0000000100000000)
  region size 1024K, 2 young (2048K), 2 survivors (2048K)
 Metaspace       used 23742K, capacity 24268K, committed 24444K, reserved 1071104K
  class space    used 2991K, capacity 3184K, committed 3276K, reserved 1048576K
}
Event: 7.317 GC heap before
{Heap before GC invocations=4 (full 0):
 garbage-first heap   total 260096K, used 111027K [0x00000000a0000000, 0x0000000100000000)
  region size 1024K, 93 young (95232K), 2 survivors (2048K)
 Metaspace       used 35135K, capacity 35953K, committed 36048K, reserved 1081344K
  class space    used 4512K, capacity 4874K, committed 4940K, reserved 1048576K
}
Event: 7.326 GC heap after
{Heap after GC invocations=5 (full 0):
 garbage-first heap   total 260096K, used 22741K [0x00000000a0000000, 0x0000000100000000)
  region size 1024K, 6 young (6144K), 6 survivors (6144K)
 Metaspace       used 35135K, capacity 35953K, committed 36048K, reserved 1081344K
  class space    used 4512K, capacity 4874K, committed 4940K, reserved 1048576K
}
Event: 8.292 GC heap before
{Heap before GC invocations=6 (full 0):
 garbage-first heap   total 260096K, used 146645K [0x00000000a0000000, 0x0000000100000000)
  region size 1024K, 124 young (126976K), 6 survivors (6144K)
 Metaspace       used 46196K, capacity 47380K, committed 47696K, reserved 1091584K
  class space    used 5830K, capacity 6243K, committed 6348K, reserved 1048576K
}
Event: 8.309 GC heap after
{Heap after GC invocations=7 (full 0):
 garbage-first heap   total 260096K, used 30122K [0x00000000a0000000, 0x0000000100000000)
  region size 1024K, 13 young (13312K), 13 survivors (13312K)
 Metaspace       used 46196K, capacity 47380K, committed 47696K, reserved 1091584K
  class space    used 5830K, capacity 6243K, committed 6348K, reserved 1048576K
}
Event: 9.367 GC heap before
{Heap before GC invocations=8 (full 0):
 garbage-first heap   total 260096K, used 173482K [0x00000000a0000000, 0x0000000100000000)
  region size 1024K, 148 young (151552K), 13 survivors (13312K)
 Metaspace       used 55998K, capacity 57462K, committed 57680K, reserved 1099776K
  class space    used 7037K, capacity 7604K, committed 7628K, reserved 1048576K
}
Event: 9.379 GC heap after
{Heap after GC invocations=9 (full 0):
 garbage-first heap   total 260096K, used 45043K [0x00000000a0000000, 0x0000000100000000)
  region size 1024K, 19 young (19456K), 19 survivors (19456K)
 Metaspace       used 55998K, capacity 57462K, committed 57680K, reserved 1099776K
  class space    used 7037K, capacity 7604K, committed 7628K, reserved 1048576K
}
Event: 10.523 GC heap before
{Heap before GC invocations=9 (full 0):
 garbage-first heap   total 260096K, used 189427K [0x00000000a0000000, 0x0000000100000000)
  region size 1024K, 152 young (155648K), 19 survivors (19456K)
 Metaspace       used 65972K, capacity 67582K, committed 67792K, reserved 1107968K
  class space    used 8320K, capacity 8932K, committed 9036K, reserved 1048576K
}
Event: 10.538 GC heap after
{Heap after GC invocations=10 (full 0):
 garbage-first heap   total 260096K, used 54935K [0x00000000a0000000, 0x0000000100000000)
  region size 1024K, 11 young (11264K), 11 survivors (11264K)
 Metaspace       used 65972K, capacity 67582K, committed 67792K, reserved 1107968K
  class space    used 8320K, capacity 8932K, committed 9036K, reserved 1048576K
}
Event: 11.727 GC heap before
{Heap before GC invocations=10 (full 0):
 garbage-first heap   total 260096K, used 173719K [0x00000000a0000000, 0x0000000100000000)
  region size 1024K, 128 young (131072K), 11 survivors (11264K)
 Metaspace       used 77547K, capacity 79415K, committed 79496K, reserved 1118208K
  class space    used 10083K, capacity 10789K, committed 10828K, reserved 1048576K
}

