# JRE version: OpenJDK Runtime Environment (11.0.15) (build 11.0.15+0-b2043.56-9505619)
# Java VM: OpenJDK 64-Bit Server VM (11.0.15+0-b2043.56-9505619, mixed mode, tiered, compressed oops, g1 gc, windows-amd64)
Heap:
 garbage-first heap   total 260096K, used 161184K [0x00000000a0000000, 0x0000000100000000)
  region size 1024K, 117 young (119808K), 11 survivors (11264K)
 Metaspace       used 74595K, capacity 76442K, committed 76592K, reserved 1116160K
  class space    used 9637K, capacity 10321K, committed 10368K, reserved 1048576K
GC Heap History (14 events):
Event: 0.815 GC heap before
{Heap before GC invocations=0 (full 0):
 garbage-first heap   total 260096K, used 29696K [0x00000000a0000000, 0x0000000100000000)
  region size 1024K, 24 young (24576K), 0 survivors (0K)
 Metaspace       used 10137K, capacity 10399K, committed 10624K, reserved 1058816K
  class space    used 1035K, capacity 1106K, committed 1152K, reserved 1048576K
}
Event: 0.818 GC heap after
{Heap after GC invocations=1 (full 0):
 garbage-first heap   total 260096K, used 9291K [0x00000000a0000000, 0x0000000100000000)
  region size 1024K, 3 young (3072K), 3 survivors (3072K)
 Metaspace       used 10137K, capacity 10399K, committed 10624K, reserved 1058816K
  class space    used 1035K, capacity 1106K, committed 1152K, reserved 1048576K
}
Event: 2.658 GC heap before
{Heap before GC invocations=1 (full 0):
 garbage-first heap   total 260096K, used 105547K [0x00000000a0000000, 0x0000000100000000)
  region size 1024K, 98 young (100352K), 3 survivors (3072K)
 Metaspace       used 20741K, capacity 21182K, committed 21296K, reserved 1069056K
  class space    used 2518K, capacity 2682K, committed 2688K, reserved 1048576K
}
Event: 2.666 GC heap after
{Heap after GC invocations=2 (full 0):
 garbage-first heap   total 260096K, used 16932K [0x00000000a0000000, 0x0000000100000000)
  region size 1024K, 11 young (11264K), 11 survivors (11264K)
 Metaspace       used 20741K, capacity 21182K, committed 21296K, reserved 1069056K
  class space    used 2518K, capacity 2682K, committed 2688K, reserved 1048576K
}
Event: 7.222 GC heap before
{Heap before GC invocations=3 (full 0):
 garbage-first heap   total 260096K, used 86564K [0x00000000a0000000, 0x0000000100000000)
  region size 1024K, 79 young (80896K), 11 survivors (11264K)
 Metaspace       used 27673K, capacity 28414K, committed 28720K, reserved 1075200K
  class space    used 3590K, capacity 3848K, committed 3968K, reserved 1048576K
}
Event: 7.227 GC heap after
{Heap after GC invocations=4 (full 0):
 garbage-first heap   total 260096K, used 19729K [0x00000000a0000000, 0x0000000100000000)
  region size 1024K, 3 young (3072K), 3 survivors (3072K)
 Metaspace       used 27673K, capacity 28414K, committed 28720K, reserved 1075200K
  class space    used 3590K, capacity 3848K, committed 3968K, reserved 1048576K
}
Event: 7.696 GC heap before
{Heap before GC invocations=4 (full 0):
 garbage-first heap   total 260096K, used 69905K [0x00000000a0000000, 0x0000000100000000)
  region size 1024K, 53 young (54272K), 3 survivors (3072K)
 Metaspace       used 35068K, capacity 35861K, committed 35920K, reserved 1081344K
  class space    used 4510K, capacity 4842K, committed 4864K, reserved 1048576K
}
Event: 7.703 GC heap after
{Heap after GC invocations=5 (full 0):
 garbage-first heap   total 260096K, used 22412K [0x00000000a0000000, 0x0000000100000000)
  region size 1024K, 6 young (6144K), 6 survivors (6144K)
 Metaspace       used 35068K, capacity 35861K, committed 35920K, reserved 1081344K
  class space    used 4510K, capacity 4842K, committed 4864K, reserved 1048576K
}
Event: 8.676 GC heap before
{Heap before GC invocations=6 (full 0):
 garbage-first heap   total 260096K, used 133004K [0x00000000a0000000, 0x0000000100000000)
  region size 1024K, 111 young (113664K), 6 survivors (6144K)
 Metaspace       used 45096K, capacity 46092K, committed 46256K, reserved 1089536K
  class space    used 5676K, capacity 6020K, committed 6144K, reserved 1048576K
}
Event: 8.691 GC heap after
{Heap after GC invocations=7 (full 0):
 garbage-first heap   total 260096K, used 29556K [0x00000000a0000000, 0x0000000100000000)
  region size 1024K, 13 young (13312K), 13 survivors (13312K)
 Metaspace       used 45096K, capacity 46092K, committed 46256K, reserved 1089536K
  class space    used 5676K, capacity 6020K, committed 6144K, reserved 1048576K
}
Event: 9.795 GC heap before
{Heap before GC invocations=8 (full 0):
 garbage-first heap   total 260096K, used 165748K [0x00000000a0000000, 0x0000000100000000)
  region size 1024K, 142 young (145408K), 13 survivors (13312K)
 Metaspace       used 53021K, capacity 54438K, committed 54576K, reserved 1097728K
  class space    used 6684K, capacity 7212K, committed 7296K, reserved 1048576K
}
Event: 9.811 GC heap after
{Heap after GC invocations=9 (full 0):
 garbage-first heap   total 260096K, used 43676K [0x00000000a0000000, 0x0000000100000000)
  region size 1024K, 18 young (18432K), 18 survivors (18432K)
 Metaspace       used 53021K, capacity 54438K, committed 54576K, reserved 1097728K
  class space    used 6684K, capacity 7212K, committed 7296K, reserved 1048576K
}
Event: 11.129 GC heap before
{Heap before GC invocations=9 (full 0):
 garbage-first heap   total 260096K, used 188060K [0x00000000a0000000, 0x0000000100000000)
  region size 1024K, 152 young (155648K), 18 survivors (18432K)
 Metaspace       used 65906K, capacity 67590K, committed 67760K, reserved 1107968K
  class space    used 8319K, capacity 8932K, committed 8960K, reserved 1048576K
}
Event: 11.145 GC heap after
{Heap after GC invocations=10 (full 0):
 garbage-first heap   total 260096K, used 53664K [0x00000000a0000000, 0x0000000100000000)
  region size 1024K, 11 young (11264K), 11 survivors (11264K)
 Metaspace       used 65906K, capacity 67590K, committed 67760K, reserved 1107968K
  class space    used 8319K, capacity 8932K, committed 8960K, reserved 1048576K
}

